Build started 6/6/2012 6:12:53 PM.
     1>Project "C:\C++Programs\Constructor\Constructor\Constructor.vcxproj" on node 2 (rebuild target(s)).
     1>_PrepareForClean:
         Deleting file "Debug\Constructor.lastbuildstate".
       InitializeBuildStatus:
         Creating "Debug\Constructor.unsuccessfulbuild" because "AlwaysCreate" was specified.
       ClCompile:
         d:\Program Files\Microsoft Visual Studio 10.0\VC\bin\CL.exe /c /ZI /nologo /W3 /WX- /Od /Oy- /D WIN32 /D _DEBUG /D _CONSOLE /D _UNICODE /D UNICODE /D _AFXDLL /Gm /EHsc /RTC1 /MDd /GS /fp:precise /Zc:wchar_t /Zc:forScope /Fo"Debug\\" /Fd"Debug\vc100.pdb" /Gd /TP /analyze- /errorReport:prompt constructor.cpp
         constructor.cpp
       ManifestResourceCompile:
         C:\Program Files\Microsoft SDKs\Windows\v7.0A\bin\rc.exe /nologo /fo"Debug\Constructor.exe.embed.manifest.res" Debug\Constructor_manifest.rc 
       Link:
         d:\Program Files\Microsoft Visual Studio 10.0\VC\bin\link.exe /ERRORREPORT:PROMPT /OUT:"C:\C++Programs\Constructor\Debug\Constructor.exe" /INCREMENTAL /NOLOGO /MANIFEST /ManifestFile:"Debug\Constructor.exe.intermediate.manifest" /MANIFESTUAC:"level='asInvoker' uiAccess='false'" /DEBUG /PDB:"C:\C++Programs\Constructor\Debug\Constructor.pdb" /SUBSYSTEM:CONSOLE /TLBID:1 /DYNAMICBASE /NXCOMPAT /IMPLIB:"C:\C++Programs\Constructor\Debug\Constructor.lib" /MACHINE:X86 Debug\Constructor.exe.embed.manifest.res
         Debug\constructor.obj
       Manifest:
         Deleting file "Debug\Constructor.exe.embed.manifest".
         C:\Program Files\Microsoft SDKs\Windows\v7.0A\bin\mt.exe /nologo /verbose /out:"Debug\Constructor.exe.embed.manifest" /manifest Debug\Constructor.exe.intermediate.manifest "d:\Program Files\Microsoft Visual Studio 10.0\VC\Include\Manifest\dpiaware.manifest"
         C:\Program Files\Microsoft SDKs\Windows\v7.0A\bin\rc.exe /nologo /fo"Debug\Constructor.exe.embed.manifest.res" Debug\Constructor_manifest.rc 
       LinkEmbedManifest:
         d:\Program Files\Microsoft Visual Studio 10.0\VC\bin\link.exe /ERRORREPORT:PROMPT /OUT:"C:\C++Programs\Constructor\Debug\Constructor.exe" /INCREMENTAL /NOLOGO /MANIFEST /ManifestFile:"Debug\Constructor.exe.intermediate.manifest" /MANIFESTUAC:"level='asInvoker' uiAccess='false'" /DEBUG /PDB:"C:\C++Programs\Constructor\Debug\Constructor.pdb" /SUBSYSTEM:CONSOLE /TLBID:1 /DYNAMICBASE /NXCOMPAT /IMPLIB:"C:\C++Programs\Constructor\Debug\Constructor.lib" /MACHINE:X86 Debug\Constructor.exe.embed.manifest.res
         Debug\constructor.obj
         Constructor.vcxproj -> C:\C++Programs\Constructor\Debug\Constructor.exe
       FinalizeBuildStatus:
         Deleting file "Debug\Constructor.unsuccessfulbuild".
         Touching "Debug\Constructor.lastbuildstate".
     1>Done Building Project "C:\C++Programs\Constructor\Constructor\Constructor.vcxproj" (rebuild target(s)).

Build succeeded.

Time Elapsed 00:00:03.40
