C:\C++Programs\Constructor\Constructor\Debug\cl.command.1.tlog
C:\C++Programs\Constructor\Constructor\Debug\CL.read.1.tlog
C:\C++Programs\Constructor\Constructor\Debug\CL.write.1.tlog
C:\C++PROGRAMS\CONSTRUCTOR\CONSTRUCTOR\DEBUG\CONSTRUCTOR.EXE.EMBED.MANIFEST
C:\C++PROGRAMS\CONSTRUCTOR\CONSTRUCTOR\DEBUG\CONSTRUCTOR.EXE.EMBED.MANIFEST.RES
C:\C++PROGRAMS\CONSTRUCTOR\CONSTRUCTOR\DEBUG\CONSTRUCTOR.EXE.INTERMEDIATE.MANIFEST
C:\C++PROGRAMS\CONSTRUCTOR\CONSTRUCTOR\DEBUG\CONSTRUCTOR.OBJ
C:\C++Programs\Constructor\Constructor\Debug\Constructor_manifest.rc
C:\C++Programs\Constructor\Constructor\Debug\link.4940.read.1.tlog
C:\C++Programs\Constructor\Constructor\Debug\link.4940.write.1.tlog
C:\C++Programs\Constructor\Constructor\Debug\link.4940-cvtres.read.1.tlog
C:\C++Programs\Constructor\Constructor\Debug\link.4940-cvtres.write.1.tlog
C:\C++Programs\Constructor\Constructor\Debug\link.command.1.tlog
C:\C++Programs\Constructor\Constructor\Debug\link.read.1.tlog
C:\C++Programs\Constructor\Constructor\Debug\link.write.1.tlog
C:\C++Programs\Constructor\Constructor\Debug\link-cvtres.read.1.tlog
C:\C++Programs\Constructor\Constructor\Debug\link-cvtres.write.1.tlog
C:\C++Programs\Constructor\Constructor\Debug\mt.command.1.tlog
C:\C++Programs\Constructor\Constructor\Debug\mt.read.1.tlog
C:\C++Programs\Constructor\Constructor\Debug\mt.write.1.tlog
C:\C++Programs\Constructor\Constructor\Debug\rc.command.1.tlog
C:\C++Programs\Constructor\Constructor\Debug\rc.read.1.tlog
C:\C++Programs\Constructor\Constructor\Debug\rc.write.1.tlog
C:\C++PROGRAMS\CONSTRUCTOR\CONSTRUCTOR\DEBUG\SOURCE2.OBJ
C:\C++Programs\Constructor\Constructor\Debug\vc100.idb
C:\C++PROGRAMS\CONSTRUCTOR\CONSTRUCTOR\DEBUG\VC100.PDB
C:\C++PROGRAMS\CONSTRUCTOR\DEBUG\CONSTRUCTOR.EXE
C:\C++PROGRAMS\CONSTRUCTOR\DEBUG\CONSTRUCTOR.ILK
C:\C++PROGRAMS\CONSTRUCTOR\DEBUG\CONSTRUCTOR.PDB
